[debug] [2024-08-13T16:40:57.299Z] ----------------------------------------------------------------------
[debug] [2024-08-13T16:40:57.302Z] Command:       C:\Program Files\nodejs\node.exe C:\Users\ambat\AppData\Roaming\npm\node_modules\firebase-tools\lib\bin\firebase.js init
[debug] [2024-08-13T16:40:57.303Z] CLI Version:   13.15.1
[debug] [2024-08-13T16:40:57.303Z] Platform:      win32
[debug] [2024-08-13T16:40:57.303Z] Node Version:  v22.2.0
[debug] [2024-08-13T16:40:57.303Z] Time:          Tue Aug 13 2024 22:10:57 GMT+0530 (India Standard Time)
[debug] [2024-08-13T16:40:57.304Z] ----------------------------------------------------------------------
[debug] 
[debug] [2024-08-13T16:40:57.313Z] > command requires scopes: ["email","openid","https://www.googleapis.com/auth/cloudplatformprojects.readonly","https://www.googleapis.com/auth/firebase","https://www.googleapis.com/auth/cloud-platform"]
[debug] [2024-08-13T16:40:57.313Z] > authorizing via signed-in user (ambati.ns04@gmail.com)
[info] 
     ######## #### ########  ######## ########     ###     ######  ########
     ##        ##  ##     ## ##       ##     ##  ##   ##  ##       ##
     ######    ##  ########  ######   ########  #########  ######  ######
     ##        ##  ##    ##  ##       ##     ## ##     ##       ## ##
     ##       #### ##     ## ######## ########  ##     ##  ######  ########

You're about to initialize a Firebase project in this directory:

  D:\Projects\react\DonateTodayNew

[info] 
=== Project Setup
[info] 
[info] First, let's associate this project directory with a Firebase project.
[info] You can create multiple project aliases by running firebase use --add, 
[info] but for now we'll just set up a default project.
[info] 
[debug] [2024-08-13T16:41:11.072Z] > refreshing access token with scopes: []
[debug] [2024-08-13T16:41:11.074Z] >>> [apiv2][query] POST https://www.googleapis.com/oauth2/v3/token [none]
[debug] [2024-08-13T16:41:11.074Z] >>> [apiv2][body] POST https://www.googleapis.com/oauth2/v3/token [omitted]
[debug] [2024-08-13T16:41:11.357Z] <<< [apiv2][status] POST https://www.googleapis.com/oauth2/v3/token 200
[debug] [2024-08-13T16:41:11.358Z] <<< [apiv2][body] POST https://www.googleapis.com/oauth2/v3/token [omitted]
[debug] [2024-08-13T16:41:11.374Z] >>> [apiv2][query] GET https://firebase.googleapis.com/v1beta1/projects pageSize=100
[debug] [2024-08-13T16:41:12.169Z] <<< [apiv2][status] GET https://firebase.googleapis.com/v1beta1/projects 200
[debug] [2024-08-13T16:41:12.170Z] <<< [apiv2][body] GET https://firebase.googleapis.com/v1beta1/projects [omitted]
